2024-12-14 09:56:23,336 - INFO: Hotkeys successfully configured
2024-12-14 09:56:36,132 - INFO: Line drawing started
2024-12-14 09:56:45,113 - INFO: Line 1 drawn
2024-12-14 09:56:46,487 - INFO: Lines cleared
2024-12-14 09:56:53,357 - INFO: Line drawing started
2024-12-14 09:57:05,670 - INFO: Line 1 drawn
2024-12-14 09:57:14,933 - INFO: Validated inputs: Clicks/Line=99999, Line Delay=0, Iterations=999999, Click Interval=0
2024-12-14 10:00:20,466 - INFO: Validated inputs: Clicks/Line=99999, Line Delay=0, Iterations=999999, Click Interval=0
2024-12-14 10:00:26,170 - INFO: Validated inputs: Clicks/Line=99999, Line Delay=0, Iterations=999999, Click Interval=0
2024-12-14 10:00:26,613 - INFO: Validated inputs: Clicks/Line=99999, Line Delay=0, Iterations=999999, Click Interval=0
2024-12-14 10:00:26,842 - INFO: Validated inputs: Clicks/Line=99999, Line Delay=0, Iterations=999999, Click Interval=0
2024-12-14 10:00:27,018 - INFO: Validated inputs: Clicks/Line=99999, Line Delay=0, Iterations=999999, Click Interval=0
2024-12-14 10:00:37,305 - INFO: Clicking stopped
2024-12-14 10:00:57,576 - INFO: Validated inputs: Clicks/Line=9990, Line Delay=0, Iterations=9999990, Click Interval=0
2024-12-14 10:05:14,713 - INFO: Clicking stopped
2024-12-14 10:05:31,070 - INFO: Lines cleared
2024-12-14 10:05:32,034 - INFO: Line drawing started
2024-12-14 10:05:39,975 - INFO: Line 1 drawn
2024-12-14 10:05:42,634 - INFO: Validated inputs: Clicks/Line=99999, Line Delay=0, Iterations=9999990, Click Interval=0
2024-12-14 10:06:51,996 - INFO: Clicking stopped
2024-12-14 10:06:57,835 - INFO: Clicking stopped
2024-12-14 10:06:59,243 - INFO: Validated inputs: Clicks/Line=99999, Line Delay=0, Iterations=9999990, Click Interval=0
2024-12-14 10:07:50,326 - INFO: Clicking stopped
2024-12-14 10:07:58,875 - INFO: Validated inputs: Clicks/Line=99999, Line Delay=0, Iterations=9999990, Click Interval=0
2024-12-14 10:09:40,400 - INFO: Clicking stopped
2024-12-14 10:09:45,874 - INFO: Validated inputs: Clicks/Line=99999, Line Delay=0, Iterations=9999990, Click Interval=0
2024-12-14 10:09:54,281 - INFO: Validated inputs: Clicks/Line=99999, Line Delay=0, Iterations=9999990, Click Interval=0
2024-12-14 10:27:52,466 - INFO: Clicking stopped
2024-12-14 10:28:01,497 - INFO: Validated inputs: Clicks/Line=99999, Line Delay=0, Iterations=9999990, Click Interval=0
2024-12-14 10:28:23,632 - INFO: Clicking stopped
2024-12-14 10:28:27,457 - INFO: Validated inputs: Clicks/Line=99999, Line Delay=0, Iterations=9999990, Click Interval=0
2024-12-14 10:28:36,373 - INFO: Validated inputs: Clicks/Line=99999, Line Delay=0, Iterations=9999990, Click Interval=0
2024-12-14 10:28:36,875 - INFO: Validated inputs: Clicks/Line=99999, Line Delay=0, Iterations=9999990, Click Interval=0
2024-12-14 10:28:36,945 - INFO: Validated inputs: Clicks/Line=99999, Line Delay=0, Iterations=9999990, Click Interval=0
2024-12-14 10:28:36,966 - INFO: Validated inputs: Clicks/Line=99999, Line Delay=0, Iterations=9999990, Click Interval=0
2024-12-14 10:29:48,842 - INFO: Clicking stopped
2024-12-14 10:55:26,564 - INFO: Hotkeys successfully configured
2024-12-14 10:57:04,199 - INFO: Hotkeys successfully configured
2024-12-14 10:57:07,555 - INFO: Line drawing started
2024-12-14 10:57:16,312 - INFO: Line 1 drawn
2024-12-14 10:57:19,049 - INFO: Validated inputs: Clicks/Line=99999, Line Delay=0, Iterations=999999, Click Interval=0
2024-12-14 10:57:35,103 - INFO: Clicking stopped
2024-12-14 10:57:40,652 - INFO: Lines cleared
2024-12-14 10:57:42,952 - INFO: Line drawing started
2024-12-14 10:57:53,190 - INFO: Line 1 drawn
2024-12-14 10:57:58,864 - INFO: Validated inputs: Clicks/Line=99999, Line Delay=0, Iterations=999999, Click Interval=0
2024-12-14 10:57:59,591 - INFO: Validated inputs: Clicks/Line=99999, Line Delay=0, Iterations=999999, Click Interval=0
2024-12-14 11:39:31,238 - INFO: Clicking stopped
2024-12-14 11:39:54,604 - INFO: Clicking stopped
2024-12-14 11:39:57,157 - INFO: Validated inputs: Clicks/Line=99999, Line Delay=0, Iterations=999999, Click Interval=0
2024-12-14 11:40:56,806 - INFO: Clicking stopped
2024-12-14 11:41:04,294 - INFO: Validated inputs: Clicks/Line=99999, Line Delay=0, Iterations=999999, Click Interval=0
2024-12-14 11:41:37,090 - INFO: Clicking stopped
2024-12-14 11:41:44,005 - INFO: Validated inputs: Clicks/Line=99999, Line Delay=0, Iterations=999999, Click Interval=0
2024-12-14 11:42:37,601 - INFO: Clicking stopped
2024-12-14 11:42:41,613 - INFO: Validated inputs: Clicks/Line=99999, Line Delay=0, Iterations=999999, Click Interval=0
2024-12-14 11:44:47,605 - INFO: Clicking stopped
2024-12-14 11:44:53,013 - INFO: Validated inputs: Clicks/Line=99999, Line Delay=0, Iterations=999999, Click Interval=0
2024-12-14 11:56:10,522 - INFO: Clicking stopped
2024-12-14 11:56:19,100 - INFO: Clicking stopped
2024-12-14 11:56:21,196 - INFO: Validated inputs: Clicks/Line=99999, Line Delay=0, Iterations=999999, Click Interval=0
2024-12-14 11:57:01,460 - INFO: Validated inputs: Clicks/Line=99999, Line Delay=0, Iterations=999999, Click Interval=0
2024-12-14 11:57:04,677 - INFO: Clicking stopped
2024-12-14 12:02:35,724 - INFO: Lines cleared
2024-12-14 12:02:37,175 - INFO: Line drawing started
2024-12-14 12:02:47,215 - INFO: Line 1 drawn
2024-12-14 12:02:53,103 - INFO: Line drawing started
2024-12-14 12:03:04,586 - INFO: Line 2 drawn
2024-12-14 12:03:06,187 - INFO: Lines cleared
2024-12-14 12:03:08,609 - INFO: Line drawing started
2024-12-14 12:03:17,712 - INFO: Line 1 drawn
2024-12-14 12:03:22,931 - INFO: Line drawing started
2024-12-14 12:03:30,268 - INFO: Line 2 drawn
2024-12-14 12:03:43,979 - INFO: Validated inputs: Clicks/Line=99999, Line Delay=0, Iterations=999999, Click Interval=0
2024-12-14 12:04:05,672 - INFO: Clicking stopped
2024-12-14 12:04:06,515 - INFO: Validated inputs: Clicks/Line=99999, Line Delay=0, Iterations=999999, Click Interval=0
2024-12-14 12:04:15,970 - INFO: Clicking stopped
2024-12-14 12:04:27,015 - INFO: Validated inputs: Clicks/Line=99999, Line Delay=0, Iterations=999999, Click Interval=0
2024-12-14 12:04:34,642 - INFO: Clicking stopped
2024-12-14 12:05:12,636 - INFO: Lines cleared
2024-12-14 12:05:33,967 - INFO: Line drawing started
2024-12-14 12:05:41,370 - INFO: Line 1 drawn
2024-12-14 12:05:46,690 - INFO: Line drawing started
2024-12-14 12:05:56,103 - INFO: Line 2 drawn
2024-12-14 12:05:57,427 - INFO: Validated inputs: Clicks/Line=99999, Line Delay=0, Iterations=999999, Click Interval=0
2024-12-14 12:06:07,693 - INFO: Clicking stopped
2024-12-14 12:06:11,603 - INFO: Validated inputs: Clicks/Line=99999, Line Delay=0, Iterations=999999, Click Interval=0
2024-12-14 12:09:30,173 - INFO: Clicking stopped
2024-12-14 12:09:35,491 - INFO: Validated inputs: Clicks/Line=99999, Line Delay=0, Iterations=999999, Click Interval=0
2024-12-14 12:09:42,410 - INFO: Validated inputs: Clicks/Line=99999, Line Delay=0, Iterations=999999, Click Interval=0
2024-12-14 12:09:57,863 - INFO: Clicking stopped
2024-12-14 12:10:17,770 - INFO: Validated inputs: Clicks/Line=99999, Line Delay=0, Iterations=999999, Click Interval=0
2024-12-14 12:12:04,420 - INFO: Clicking stopped
2024-12-14 12:12:06,466 - INFO: Clicking stopped
2024-12-14 12:12:08,076 - INFO: Validated inputs: Clicks/Line=99999, Line Delay=0, Iterations=999999, Click Interval=0
2024-12-14 12:12:49,506 - INFO: Clicking stopped
2024-12-14 12:12:51,324 - INFO: Clicking stopped
2024-12-14 12:12:52,875 - INFO: Validated inputs: Clicks/Line=99999, Line Delay=0, Iterations=999999, Click Interval=0
2024-12-14 12:12:53,426 - INFO: Validated inputs: Clicks/Line=99999, Line Delay=0, Iterations=999999, Click Interval=0
2024-12-14 12:14:16,860 - INFO: Clicking stopped
2024-12-14 12:14:18,334 - INFO: Clicking stopped
2024-12-14 12:14:19,490 - INFO: Validated inputs: Clicks/Line=99999, Line Delay=0, Iterations=999999, Click Interval=0
2024-12-14 12:15:05,967 - INFO: Clicking stopped
2024-12-14 12:15:09,063 - INFO: Validated inputs: Clicks/Line=99999, Line Delay=0, Iterations=999999, Click Interval=0
2024-12-14 12:15:39,046 - INFO: Clicking stopped
2024-12-14 12:15:50,069 - INFO: Validated inputs: Clicks/Line=99999, Line Delay=0, Iterations=999999, Click Interval=0
2024-12-14 12:16:29,916 - INFO: Clicking stopped
2024-12-14 12:16:35,972 - INFO: Validated inputs: Clicks/Line=99999, Line Delay=0, Iterations=999999, Click Interval=0
2024-12-14 12:17:19,940 - INFO: Clicking stopped
2024-12-14 12:17:40,386 - INFO: Validated inputs: Clicks/Line=99999, Line Delay=0, Iterations=999999, Click Interval=0
2024-12-14 12:18:38,572 - INFO: Clicking stopped
2024-12-14 12:18:40,849 - INFO: Clicking stopped
2024-12-14 12:18:41,603 - INFO: Validated inputs: Clicks/Line=99999, Line Delay=0, Iterations=999999, Click Interval=0
2024-12-14 12:19:18,669 - INFO: Clicking stopped
2024-12-14 12:19:24,515 - INFO: Validated inputs: Clicks/Line=99999, Line Delay=0, Iterations=999999, Click Interval=0
2024-12-14 12:19:27,734 - INFO: Validated inputs: Clicks/Line=99999, Line Delay=0, Iterations=999999, Click Interval=0
2024-12-14 12:19:27,981 - INFO: Validated inputs: Clicks/Line=99999, Line Delay=0, Iterations=999999, Click Interval=0
2024-12-14 12:20:00,768 - INFO: Clicking stopped
2024-12-14 12:20:04,958 - INFO: Validated inputs: Clicks/Line=99999, Line Delay=0, Iterations=999999, Click Interval=0
2024-12-14 12:20:33,471 - INFO: Clicking stopped
2024-12-14 12:20:35,746 - INFO: Validated inputs: Clicks/Line=99999, Line Delay=0, Iterations=999999, Click Interval=0
2024-12-14 12:20:45,356 - INFO: Validated inputs: Clicks/Line=99999, Line Delay=0, Iterations=999999, Click Interval=0
2024-12-14 12:20:57,546 - INFO: Clicking stopped
2024-12-14 12:21:07,378 - INFO: Validated inputs: Clicks/Line=99999, Line Delay=0, Iterations=999999, Click Interval=0
2024-12-14 12:21:21,149 - INFO: Clicking stopped
2024-12-14 12:21:32,442 - INFO: Validated inputs: Clicks/Line=99999, Line Delay=0, Iterations=999999, Click Interval=0
2024-12-14 12:21:55,420 - INFO: Clicking stopped
2024-12-14 12:21:58,338 - INFO: Validated inputs: Clicks/Line=99999, Line Delay=0, Iterations=999999, Click Interval=0
2024-12-14 12:22:23,580 - INFO: Clicking stopped
2024-12-14 12:22:27,618 - INFO: Validated inputs: Clicks/Line=99999, Line Delay=0, Iterations=999999, Click Interval=0
2024-12-14 12:22:36,666 - INFO: Validated inputs: Clicks/Line=99999, Line Delay=0, Iterations=999999, Click Interval=0
2024-12-14 12:22:44,619 - INFO: Validated inputs: Clicks/Line=99999, Line Delay=0, Iterations=999999, Click Interval=0
2024-12-14 12:22:46,680 - INFO: Clicking stopped
2024-12-14 12:22:46,866 - INFO: Validated inputs: Clicks/Line=99999, Line Delay=0, Iterations=999999, Click Interval=0
2024-12-14 12:23:28,030 - INFO: Clicking stopped
2024-12-14 12:23:35,142 - INFO: Clicking stopped
2024-12-14 12:23:35,994 - INFO: Validated inputs: Clicks/Line=99999, Line Delay=0, Iterations=999999, Click Interval=0
2024-12-14 12:25:15,385 - INFO: Clicking stopped
2024-12-14 12:25:26,106 - INFO: Validated inputs: Clicks/Line=99999, Line Delay=0, Iterations=999999, Click Interval=0
2024-12-14 12:25:37,425 - INFO: Clicking stopped
2024-12-14 12:25:39,966 - INFO: Validated inputs: Clicks/Line=99999, Line Delay=0, Iterations=999999, Click Interval=0
2024-12-14 12:26:04,363 - INFO: Clicking stopped
2024-12-14 12:26:07,258 - INFO: Validated inputs: Clicks/Line=99999, Line Delay=0, Iterations=999999, Click Interval=0
2024-12-14 12:26:31,804 - INFO: Clicking stopped
2024-12-14 12:26:34,064 - INFO: Validated inputs: Clicks/Line=99999, Line Delay=0, Iterations=999999, Click Interval=0
2024-12-14 12:27:07,742 - INFO: Clicking stopped
2024-12-14 12:27:31,898 - INFO: Validated inputs: Clicks/Line=99999, Line Delay=0, Iterations=999999, Click Interval=0
2024-12-14 12:27:43,497 - INFO: Clicking stopped
2024-12-14 12:28:31,826 - INFO: Validated inputs: Clicks/Line=99999, Line Delay=0, Iterations=999999, Click Interval=0
2024-12-14 12:28:57,157 - INFO: Clicking stopped
2024-12-14 12:29:00,577 - INFO: Validated inputs: Clicks/Line=99999, Line Delay=0, Iterations=999999, Click Interval=0
2024-12-14 12:29:34,742 - INFO: Clicking stopped
2024-12-14 12:29:40,595 - INFO: Validated inputs: Clicks/Line=99999, Line Delay=0, Iterations=999999, Click Interval=0
2024-12-14 12:29:49,217 - INFO: Validated inputs: Clicks/Line=99999, Line Delay=0, Iterations=999999, Click Interval=0
2024-12-14 12:29:59,381 - INFO: Clicking stopped
2024-12-14 12:30:04,514 - INFO: Validated inputs: Clicks/Line=99999, Line Delay=0, Iterations=999999, Click Interval=0
2024-12-14 12:30:07,899 - INFO: Validated inputs: Clicks/Line=99999, Line Delay=0, Iterations=999999, Click Interval=0
2024-12-14 12:30:22,122 - INFO: Clicking stopped
2024-12-14 12:30:32,481 - INFO: Validated inputs: Clicks/Line=99999, Line Delay=0, Iterations=999999, Click Interval=0
2024-12-14 12:30:54,785 - INFO: Validated inputs: Clicks/Line=99999, Line Delay=0, Iterations=999999, Click Interval=0
2024-12-14 12:30:57,096 - INFO: Clicking stopped
2024-12-14 12:31:01,481 - INFO: Validated inputs: Clicks/Line=99999, Line Delay=0, Iterations=999999, Click Interval=0
2024-12-14 12:31:18,531 - INFO: Validated inputs: Clicks/Line=99999, Line Delay=0, Iterations=999999, Click Interval=0
2024-12-14 12:31:22,728 - INFO: Clicking stopped
2024-12-14 12:31:25,033 - INFO: Validated inputs: Clicks/Line=99999, Line Delay=0, Iterations=999999, Click Interval=0
2024-12-14 12:31:52,514 - INFO: Validated inputs: Clicks/Line=99999, Line Delay=0, Iterations=999999, Click Interval=0
2024-12-14 12:31:54,391 - INFO: Clicking stopped
2024-12-14 12:31:56,321 - INFO: Validated inputs: Clicks/Line=99999, Line Delay=0, Iterations=999999, Click Interval=0
2024-12-14 12:32:09,181 - INFO: Clicking stopped
2024-12-14 12:32:12,777 - INFO: Validated inputs: Clicks/Line=99999, Line Delay=0, Iterations=999999, Click Interval=0
2024-12-14 12:32:34,907 - INFO: Validated inputs: Clicks/Line=99999, Line Delay=0, Iterations=999999, Click Interval=0
2024-12-14 12:32:35,977 - INFO: Validated inputs: Clicks/Line=99999, Line Delay=0, Iterations=999999, Click Interval=0
2024-12-14 12:32:37,624 - INFO: Clicking stopped
2024-12-14 12:32:39,745 - INFO: Validated inputs: Clicks/Line=99999, Line Delay=0, Iterations=999999, Click Interval=0
2024-12-14 12:32:49,609 - INFO: Clicking stopped
2024-12-14 12:32:52,585 - INFO: Validated inputs: Clicks/Line=99999, Line Delay=0, Iterations=999999, Click Interval=0
2024-12-14 12:40:00,829 - INFO: Clicking stopped
2024-12-14 12:47:28,035 - INFO: Validated inputs: Clicks/Line=99999, Line Delay=0, Iterations=999999, Click Interval=0
2024-12-14 12:51:11,507 - INFO: Clicking stopped
2025-02-28 17:00:11,865 - INFO: Hotkeys successfully configured
2025-02-28 17:00:15,334 - INFO: Application closing
2025-02-28 17:04:52,350 - INFO: Hotkeys successfully configured
2025-02-28 17:04:58,572 - INFO: Line drawing started
2025-02-28 17:05:00,017 - INFO: Line 1 drawn
2025-02-28 17:05:02,839 - INFO: Clicking stopped
2025-02-28 17:05:04,421 - INFO: Clicking stopped
2025-02-28 17:05:05,846 - INFO: Clicking stopped
2025-02-28 17:05:06,618 - INFO: Clicking stopped
2025-02-28 17:05:07,283 - INFO: Clicking stopped
2025-02-28 17:05:07,932 - INFO: Clicking stopped
2025-02-28 17:05:08,985 - INFO: Clicking stopped
2025-02-28 17:05:54,787 - INFO: Hotkeys successfully configured
2025-02-28 17:06:03,083 - INFO: Application closing
2025-02-28 17:09:37,459 - INFO: Hotkeys successfully configured
2025-02-28 17:09:52,581 - INFO: Line drawing started
2025-02-28 17:09:53,987 - INFO: Line 1 drawn
2025-02-28 17:09:56,922 - INFO: Clicking stopped
2025-02-28 17:09:58,090 - INFO: Clicking stopped
2025-02-28 17:13:22,523 - INFO: Hotkeys successfully configured
2025-02-28 17:13:24,429 - INFO: Line drawing started
2025-02-28 17:13:25,475 - INFO: Line 1 drawn
2025-02-28 17:13:28,121 - INFO: Clicking stopped
2025-02-28 17:13:28,972 - INFO: Clicking stopped
